<?xml version="1.0" encoding="UTF-8"?>
<!-- Generated by org.testng.reporters.JUnitXMLReporter -->
<testsuite hostname="Sudipas-MacBook-Pro.local" ignored="0" name="sanity test" tests="3" failures="0" timestamp="2021-09-30T22:15:44 IST" time="29.898" errors="0">
  <testcase name="runScenario" time="10.169" classname="io.cucumber.testng.AbstractTestNGCucumberTests"/>
  <testcase name="runScenario" time="8.7" classname="io.cucumber.testng.AbstractTestNGCucumberTests"/>
  <testcase name="runScenario" time="10.656" classname="io.cucumber.testng.AbstractTestNGCucumberTests"/>
</testsuite> <!-- sanity test -->
