<?xml version="1.0" encoding="UTF-8"?>
<!-- Generated by org.testng.reporters.JUnitXMLReporter -->
<testsuite hostname="Sudipas-MacBook-Pro.local" ignored="0" name="sanity test" tests="4" failures="0" timestamp="2021-10-02T23:06:29 IST" time="52.516" errors="0">
  <testcase name="runScenario" time="9.028" classname="io.cucumber.testng.AbstractTestNGCucumberTests"/>
  <testcase name="runScenario" time="14.997" classname="io.cucumber.testng.AbstractTestNGCucumberTests"/>
  <testcase name="runScenario" time="13.702" classname="io.cucumber.testng.AbstractTestNGCucumberTests"/>
  <testcase name="runScenario" time="14.454" classname="io.cucumber.testng.AbstractTestNGCucumberTests"/>
</testsuite> <!-- sanity test -->
