<?xml version="1.0" encoding="UTF-8"?>
<testng-results skipped="0" failed="0" ignored="0" total="4" passed="4">
  <reporter-output>
  </reporter-output>
  <suite name="sanity suite" duration-ms="52516" started-at="2021-10-02T23:05:37 IST" finished-at="2021-10-02T23:06:29 IST">
    <groups>
      <group name="cucumber">
        <method signature="AbstractTestNGCucumberTests.runScenario(io.cucumber.testng.PickleWrapper,io.cucumber.testng.FeatureWrapper)[pri:0, instance:steps.SanityTestRunner@74ad1f1f]" name="runScenario" class="io.cucumber.testng.AbstractTestNGCucumberTests"/>
      </group> <!-- cucumber -->
    </groups>
    <test name="sanity test" duration-ms="52516" started-at="2021-10-02T23:05:37 IST" finished-at="2021-10-02T23:06:29 IST">
      <class name="steps.SanityTestRunner">
        <test-method status="PASS" signature="beforeSuite()[pri:0, instance:steps.SanityTestRunner@74ad1f1f]" name="beforeSuite" is-config="true" duration-ms="57" started-at="2021-10-02T23:05:37 IST" finished-at="2021-10-02T23:05:37 IST">
          <reporter-output>
          </reporter-output>
        </test-method> <!-- beforeSuite -->
        <test-method status="PASS" signature="setUpClass()[pri:0, instance:steps.SanityTestRunner@74ad1f1f]" name="setUpClass" is-config="true" duration-ms="257" started-at="2021-10-02T23:05:37 IST" finished-at="2021-10-02T23:05:37 IST">
          <reporter-output>
          </reporter-output>
        </test-method> <!-- setUpClass -->
        <test-method status="PASS" signature="runScenario(io.cucumber.testng.PickleWrapper,io.cucumber.testng.FeatureWrapper)[pri:0, instance:steps.SanityTestRunner@74ad1f1f]" name="runScenario" duration-ms="9028" started-at="2021-10-02T23:05:37 IST" description="Runs Cucumber Scenarios" data-provider="scenarios" finished-at="2021-10-02T23:05:46 IST">
          <params>
            <param index="0">
              <value>
                <![CDATA["search api returns correct resturant"]]>
              </value>
            </param>
            <param index="1">
              <value>
                <![CDATA["Optional[Test APIs for Swiggy - Search Resturants]"]]>
              </value>
            </param>
          </params>
          <reporter-output>
          </reporter-output>
        </test-method> <!-- runScenario -->
        <test-method status="PASS" signature="runScenario(io.cucumber.testng.PickleWrapper,io.cucumber.testng.FeatureWrapper)[pri:0, instance:steps.SanityTestRunner@74ad1f1f]" name="runScenario" duration-ms="14997" started-at="2021-10-02T23:05:46 IST" description="Runs Cucumber Scenarios" data-provider="scenarios" finished-at="2021-10-02T23:06:01 IST">
          <params>
            <param index="0">
              <value>
                <![CDATA["User can check their location"]]>
              </value>
            </param>
            <param index="1">
              <value>
                <![CDATA["Optional[Test Location Functionality in swiggy]"]]>
              </value>
            </param>
          </params>
          <reporter-output>
          </reporter-output>
        </test-method> <!-- runScenario -->
        <test-method status="PASS" signature="runScenario(io.cucumber.testng.PickleWrapper,io.cucumber.testng.FeatureWrapper)[pri:0, instance:steps.SanityTestRunner@74ad1f1f]" name="runScenario" duration-ms="13702" started-at="2021-10-02T23:06:01 IST" description="Runs Cucumber Scenarios" data-provider="scenarios" finished-at="2021-10-02T23:06:15 IST">
          <params>
            <param index="0">
              <value>
                <![CDATA["User is able to open the webside succesfully"]]>
              </value>
            </param>
            <param index="1">
              <value>
                <![CDATA["Optional[Test Swiggy Application Functionality]"]]>
              </value>
            </param>
          </params>
          <reporter-output>
          </reporter-output>
        </test-method> <!-- runScenario -->
        <test-method status="PASS" signature="runScenario(io.cucumber.testng.PickleWrapper,io.cucumber.testng.FeatureWrapper)[pri:0, instance:steps.SanityTestRunner@74ad1f1f]" name="runScenario" duration-ms="14454" started-at="2021-10-02T23:06:15 IST" description="Runs Cucumber Scenarios" data-provider="scenarios" finished-at="2021-10-02T23:06:29 IST">
          <params>
            <param index="0">
              <value>
                <![CDATA["User is able to enter signin page"]]>
              </value>
            </param>
            <param index="1">
              <value>
                <![CDATA["Optional[Test Swiggy Application Functionality]"]]>
              </value>
            </param>
          </params>
          <reporter-output>
          </reporter-output>
        </test-method> <!-- runScenario -->
        <test-method status="PASS" signature="tearDownClass()[pri:0, instance:steps.SanityTestRunner@74ad1f1f]" name="tearDownClass" is-config="true" duration-ms="59" started-at="2021-10-02T23:06:29 IST" finished-at="2021-10-02T23:06:29 IST">
          <reporter-output>
          </reporter-output>
        </test-method> <!-- tearDownClass -->
        <test-method status="PASS" signature="afterSuite()[pri:0, instance:steps.SanityTestRunner@74ad1f1f]" name="afterSuite" is-config="true" duration-ms="117" started-at="2021-10-02T23:06:29 IST" finished-at="2021-10-02T23:06:29 IST">
          <reporter-output>
          </reporter-output>
        </test-method> <!-- afterSuite -->
      </class> <!-- steps.SanityTestRunner -->
    </test> <!-- sanity test -->
  </suite> <!-- sanity suite -->
</testng-results>
