<?xml version="1.0" encoding="UTF-8"?>
<testsuite xmlns:xsi="http://www.w3.org/2001/XMLSchema-instance" xsi:noNamespaceSchemaLocation="https://maven.apache.org/surefire/maven-surefire-plugin/xsd/surefire-test-report-3.0.xsd" version="3.0" name="TestSuite" time="43.382" tests="3" errors="0" skipped="0" failures="0">
  <properties>
[...]
</properties>
  <testcase name="runScenario[&quot;User can check their location&quot;, &quot;Optional[Test Location Functionality in swiggy]&quot;](1)" classname="steps.SanityTestRunner" time="16.211">
    <system-out><![CDATA[before suite running
pathOfProject :/Users/sudipa/Documents/Swiggy

@SanityTest
Scenario Outline: User can check their location   &amp#27;[90m# features/location.feature:13&amp#27;[0m
before test
RUNNING CHROME DRIVER
name is :User can check their location
  &amp#27;[32mGiven &amp#27;[0m&amp#27;[32mUser is on swiggy homepage&amp#27;[0m                &amp#27;[90m# steps.LocationStepdefs.userIsOnSwiggyHomepage()&amp#27;[0m
  &amp#27;[32mWhen &amp#27;[0m&amp#27;[32muser click any location&amp#27;[0m                    &amp#27;[90m# steps.HomeStepdefs.userClickAnyLocation(io.cucumber.datatable.DataTable)&amp#27;[0m
  &amp#27;[32mThen &amp#27;[0m&amp#27;[32mUser should be navigate to restaurant page&amp#27;[0m &amp#27;[90m# steps.LocationStepdefs.userShouldBeNavigateToRestaurantPage()&amp#27;[0m
  &amp#27;[32mAnd &amp#27;[0m&amp#27;[32muser click any location&amp#27;[0m                     &amp#27;[90m# steps.HomeStepdefs.userClickAnyLocation(io.cucumber.datatable.DataTable)&amp#27;[0m
]]></system-out>
    <system-err><![CDATA[Starting ChromeDriver 93.0.4577.63 (ff5c0da2ec0adeaed5550e6c7e98417dac77d98a-refs/branch-heads/4577@{#1135}) on port 3828
Only local connections are allowed.
Please see https://chromedriver.chromium.org/security-considerations for suggestions on keeping ChromeDriver safe.
ChromeDriver was started successfully.
[1632924277.897][WARNING]: This version of ChromeDriver has not been tested with Chrome version 94.
Sep 29, 2021 7:34:38 PM org.openqa.selenium.remote.ProtocolHandshake createSession
INFO: Detected dialect: W3C
]]></system-err>
  </testcase>
  <testcase name="runScenario[&quot;User is able to open the webside succesfully&quot;, &quot;Optional[Test Swiggy Application Functionality]&quot;](2)" classname="steps.SanityTestRunner" time="11.179">
    <system-out><![CDATA[
@SanityTest
Scenario: User is able to open the webside succesfully &amp#27;[90m# features/login.feature:4&amp#27;[0m
before test
RUNNING CHROME DRIVER
name is :User is able to open the webside succesfully
  &amp#27;[32mGiven &amp#27;[0m&amp#27;[32muser has open swiggy homepage&amp#27;[0m                  &amp#27;[90m# steps.HomeStepdefs.userHasOpenSwiggyHomepage()&amp#27;[0m
  &amp#27;[32mWhen &amp#27;[0m&amp#27;[32muser is on swiggy homepage&amp#27;[0m                      &amp#27;[90m# steps.HomeStepdefs.userIsOnSwiggyHomepage()&amp#27;[0m
  &amp#27;[32mThen &amp#27;[0m&amp#27;[32msome &amp#27;[0m&amp#27;[32m&amp#27;[1m"Login"&amp#27;[0m&amp#27;[32m button will be on homepage&amp#27;[0m         &amp#27;[90m# steps.HomeStepdefs.someButtonWillBeOnHomepage(java.lang.String)&amp#27;[0m
]]></system-out>
    <system-err><![CDATA[Starting ChromeDriver 93.0.4577.63 (ff5c0da2ec0adeaed5550e6c7e98417dac77d98a-refs/branch-heads/4577@{#1135}) on port 6148
Only local connections are allowed.
Please see https://chromedriver.chromium.org/security-considerations for suggestions on keeping ChromeDriver safe.
ChromeDriver was started successfully.
[1632924293.704][WARNING]: This version of ChromeDriver has not been tested with Chrome version 94.
Sep 29, 2021 7:34:53 PM org.openqa.selenium.remote.ProtocolHandshake createSession
INFO: Detected dialect: W3C
]]></system-err>
  </testcase>
  <testcase name="runScenario[&quot;User is able to enter signin page&quot;, &quot;Optional[Test Swiggy Application Functionality]&quot;](3)" classname="steps.SanityTestRunner" time="15.103">
    <system-out><![CDATA[
@SanityTest
Scenario: User is able to enter signin page        &amp#27;[90m# features/login.feature:10&amp#27;[0m
before test
RUNNING CHROME DRIVER
name is :User is able to enter signin page
  &amp#27;[32mGiven &amp#27;[0m&amp#27;[32muser has open swiggy homepage&amp#27;[0m              &amp#27;[90m# steps.HomeStepdefs.userHasOpenSwiggyHomepage()&amp#27;[0m
  &amp#27;[32mWhen &amp#27;[0m&amp#27;[32muser click any location&amp#27;[0m                     &amp#27;[90m# steps.HomeStepdefs.userClickAnyLocation(io.cucumber.datatable.DataTable)&amp#27;[0m
  &amp#27;[32mThen &amp#27;[0m&amp#27;[32muser enter to swiggy signin page&amp#27;[0m            &amp#27;[90m# steps.HomeStepdefs.userEnterToSwiggySigninPage()&amp#27;[0m
  &amp#27;[32mAnd &amp#27;[0m&amp#27;[32msome &amp#27;[0m&amp#27;[32m&amp#27;[1m"Sign In"&amp#27;[0m&amp#27;[32m button will be on signin page&amp#27;[0m &amp#27;[90m# steps.HomeStepdefs.someButtonWillBeOnSigninPage(java.lang.String)&amp#27;[0m
]]></system-out>
    <system-err><![CDATA[Starting ChromeDriver 93.0.4577.63 (ff5c0da2ec0adeaed5550e6c7e98417dac77d98a-refs/branch-heads/4577@{#1135}) on port 3818
Only local connections are allowed.
Please see https://chromedriver.chromium.org/security-considerations for suggestions on keeping ChromeDriver safe.
ChromeDriver was started successfully.
[1632924304.832][WARNING]: This version of ChromeDriver has not been tested with Chrome version 94.
Sep 29, 2021 7:35:05 PM org.openqa.selenium.remote.ProtocolHandshake createSession
INFO: Detected dialect: W3C
]]></system-err>
  </testcase>
</testsuite>